TEST ONE
Trial 0/5 finished for 2/29 prototypes.
Trial 1/5 finished for 2/29 prototypes.
Trial 2/5 finished for 2/29 prototypes.
Trial 3/5 finished for 2/29 prototypes.
Trial 4/5 finished for 2/29 prototypes.
Finished 2: 0.575333333333
Trial 0/5 finished for 3/29 prototypes.
Trial 1/5 finished for 3/29 prototypes.
Trial 2/5 finished for 3/29 prototypes.
Trial 3/5 finished for 3/29 prototypes.
Trial 4/5 finished for 3/29 prototypes.
Finished 3: 0.582666666667
Trial 0/5 finished for 4/29 prototypes.
Trial 1/5 finished for 4/29 prototypes.
Trial 2/5 finished for 4/29 prototypes.
Trial 3/5 finished for 4/29 prototypes.
Trial 4/5 finished for 4/29 prototypes.
Finished 4: 0.613333333333
Trial 0/5 finished for 5/29 prototypes.
Trial 1/5 finished for 5/29 prototypes.
Trial 2/5 finished for 5/29 prototypes.
Trial 3/5 finished for 5/29 prototypes.
Trial 4/5 finished for 5/29 prototypes.
Finished 5: 0.652666666667
Trial 0/5 finished for 6/29 prototypes.
Trial 1/5 finished for 6/29 prototypes.
Trial 2/5 finished for 6/29 prototypes.
Trial 3/5 finished for 6/29 prototypes.
Trial 4/5 finished for 6/29 prototypes.
Finished 6: 0.603333333333
Trial 0/5 finished for 7/29 prototypes.
Trial 1/5 finished for 7/29 prototypes.
Trial 2/5 finished for 7/29 prototypes.
Trial 3/5 finished for 7/29 prototypes.
Trial 4/5 finished for 7/29 prototypes.
Finished 7: 0.601333333333
Trial 0/5 finished for 8/29 prototypes.
Trial 1/5 finished for 8/29 prototypes.
Trial 2/5 finished for 8/29 prototypes.
Trial 3/5 finished for 8/29 prototypes.
Trial 4/5 finished for 8/29 prototypes.
Finished 8: 0.628666666667
Trial 0/5 finished for 9/29 prototypes.
Trial 1/5 finished for 9/29 prototypes.
Trial 2/5 finished for 9/29 prototypes.
Trial 3/5 finished for 9/29 prototypes.
Trial 4/5 finished for 9/29 prototypes.
Finished 9: 0.638
Trial 0/5 finished for 10/29 prototypes.
Trial 1/5 finished for 10/29 prototypes.
Trial 2/5 finished for 10/29 prototypes.
Trial 3/5 finished for 10/29 prototypes.
Trial 4/5 finished for 10/29 prototypes.
Finished 10: 0.655333333333
Trial 0/5 finished for 11/29 prototypes.
Trial 1/5 finished for 11/29 prototypes.
Trial 2/5 finished for 11/29 prototypes.
Trial 3/5 finished for 11/29 prototypes.
Trial 4/5 finished for 11/29 prototypes.
Finished 11: 0.617333333333
Trial 0/5 finished for 12/29 prototypes.
Trial 1/5 finished for 12/29 prototypes.
Trial 2/5 finished for 12/29 prototypes.
Trial 3/5 finished for 12/29 prototypes.
Trial 4/5 finished for 12/29 prototypes.
Finished 12: 0.644666666667
Trial 0/5 finished for 13/29 prototypes.
Trial 1/5 finished for 13/29 prototypes.
Trial 2/5 finished for 13/29 prototypes.
Trial 3/5 finished for 13/29 prototypes.
Trial 4/5 finished for 13/29 prototypes.
Finished 13: 0.678666666667
Trial 0/5 finished for 14/29 prototypes.
Trial 1/5 finished for 14/29 prototypes.
Trial 2/5 finished for 14/29 prototypes.
Trial 3/5 finished for 14/29 prototypes.
Trial 4/5 finished for 14/29 prototypes.
Finished 14: 0.664
Trial 0/5 finished for 15/29 prototypes.
Trial 1/5 finished for 15/29 prototypes.
Trial 2/5 finished for 15/29 prototypes.
Trial 3/5 finished for 15/29 prototypes.
Trial 4/5 finished for 15/29 prototypes.
Finished 15: 0.664666666667
Trial 0/5 finished for 16/29 prototypes.
Trial 1/5 finished for 16/29 prototypes.
Trial 2/5 finished for 16/29 prototypes.
Trial 3/5 finished for 16/29 prototypes.
Trial 4/5 finished for 16/29 prototypes.
Finished 16: 0.656
Trial 0/5 finished for 17/29 prototypes.
Trial 1/5 finished for 17/29 prototypes.
Trial 2/5 finished for 17/29 prototypes.
Trial 3/5 finished for 17/29 prototypes.
Trial 4/5 finished for 17/29 prototypes.
Finished 17: 0.658666666667
Trial 0/5 finished for 18/29 prototypes.
Trial 1/5 finished for 18/29 prototypes.
Trial 2/5 finished for 18/29 prototypes.
Trial 3/5 finished for 18/29 prototypes.
Trial 4/5 finished for 18/29 prototypes.
Finished 18: 0.688666666667
Trial 0/5 finished for 19/29 prototypes.
Trial 1/5 finished for 19/29 prototypes.
Trial 2/5 finished for 19/29 prototypes.
Trial 3/5 finished for 19/29 prototypes.
Trial 4/5 finished for 19/29 prototypes.
Finished 19: 0.623333333333
Trial 0/5 finished for 20/29 prototypes.
Trial 1/5 finished for 20/29 prototypes.
Trial 2/5 finished for 20/29 prototypes.
Trial 3/5 finished for 20/29 prototypes.
Trial 4/5 finished for 20/29 prototypes.
Finished 20: 0.668666666667
Trial 0/5 finished for 21/29 prototypes.
Trial 1/5 finished for 21/29 prototypes.
Trial 2/5 finished for 21/29 prototypes.
Trial 3/5 finished for 21/29 prototypes.
Trial 4/5 finished for 21/29 prototypes.
Finished 21: 0.671333333333
Trial 0/5 finished for 22/29 prototypes.
Trial 1/5 finished for 22/29 prototypes.
Trial 2/5 finished for 22/29 prototypes.
Trial 3/5 finished for 22/29 prototypes.
Trial 4/5 finished for 22/29 prototypes.
Finished 22: 0.684666666667
Trial 0/5 finished for 23/29 prototypes.
Trial 1/5 finished for 23/29 prototypes.
Trial 2/5 finished for 23/29 prototypes.
Trial 3/5 finished for 23/29 prototypes.
Trial 4/5 finished for 23/29 prototypes.
Finished 23: 0.655333333333
Trial 0/5 finished for 24/29 prototypes.
Trial 1/5 finished for 24/29 prototypes.
Trial 2/5 finished for 24/29 prototypes.
Trial 3/5 finished for 24/29 prototypes.
Trial 4/5 finished for 24/29 prototypes.
Finished 24: 0.682666666667
Trial 0/5 finished for 25/29 prototypes.
Trial 1/5 finished for 25/29 prototypes.
Trial 2/5 finished for 25/29 prototypes.
Trial 3/5 finished for 25/29 prototypes.
Trial 4/5 finished for 25/29 prototypes.
Finished 25: 0.674666666667
Trial 0/5 finished for 26/29 prototypes.
Trial 1/5 finished for 26/29 prototypes.
Trial 2/5 finished for 26/29 prototypes.
Trial 3/5 finished for 26/29 prototypes.
Trial 4/5 finished for 26/29 prototypes.
Finished 26: 0.672
Trial 0/5 finished for 27/29 prototypes.
Trial 1/5 finished for 27/29 prototypes.
Trial 2/5 finished for 27/29 prototypes.
Trial 3/5 finished for 27/29 prototypes.
Trial 4/5 finished for 27/29 prototypes.
Finished 27: 0.694666666667
Trial 0/5 finished for 28/29 prototypes.
Trial 1/5 finished for 28/29 prototypes.
Trial 2/5 finished for 28/29 prototypes.
Trial 3/5 finished for 28/29 prototypes.
Trial 4/5 finished for 28/29 prototypes.
Finished 28: 0.667333333333
Trial 0/5 finished for 29/29 prototypes.
Trial 1/5 finished for 29/29 prototypes.
Trial 2/5 finished for 29/29 prototypes.
Trial 3/5 finished for 29/29 prototypes.
Trial 4/5 finished for 29/29 prototypes.
Finished 29: 0.674
Trial 0/5 finished for 30/29 prototypes.
Trial 1/5 finished for 30/29 prototypes.
Trial 2/5 finished for 30/29 prototypes.
Trial 3/5 finished for 30/29 prototypes.
Trial 4/5 finished for 30/29 prototypes.
Finished 30: 0.674666666667
Points: [0.5753333333333335, 0.5826666666666666, 0.6133333333333335, 0.6526666666666668, 0.6033333333333334, 0.6013333333333333, 0.6286666666666668, 0.6380000000000001, 0.6553333333333333, 0.6173333333333334, 0.6446666666666668, 0.6786666666666668, 0.664, 0.6646666666666665, 0.6559999999999999, 0.6586666666666667, 0.6886666666666664, 0.6233333333333334, 0.6686666666666667, 0.6713333333333336, 0.6846666666666664, 0.6553333333333335, 0.6826666666666668, 0.6746666666666666, 0.6719999999999999, 0.6946666666666669, 0.6673333333333333, 0.674, 0.6746666666666665]
AVERAGE: 0.650574712644
----------------------------------------------
Trial 0/5 finished for 2/29 prototypes.
Trial 1/5 finished for 2/29 prototypes.
Trial 2/5 finished for 2/29 prototypes.
Trial 3/5 finished for 2/29 prototypes.
Trial 4/5 finished for 2/29 prototypes.
Trial 0/5 finished for 3/29 prototypes.
Trial 1/5 finished for 3/29 prototypes.
Trial 2/5 finished for 3/29 prototypes.
Trial 3/5 finished for 3/29 prototypes.
Trial 4/5 finished for 3/29 prototypes.
Trial 0/5 finished for 4/29 prototypes.
Trial 1/5 finished for 4/29 prototypes.
Trial 2/5 finished for 4/29 prototypes.
Trial 3/5 finished for 4/29 prototypes.
Trial 4/5 finished for 4/29 prototypes.
Trial 0/5 finished for 5/29 prototypes.
Trial 1/5 finished for 5/29 prototypes.
Trial 2/5 finished for 5/29 prototypes.
Trial 3/5 finished for 5/29 prototypes.
Trial 4/5 finished for 5/29 prototypes.
Trial 0/5 finished for 6/29 prototypes.
Trial 1/5 finished for 6/29 prototypes.
Trial 2/5 finished for 6/29 prototypes.
Trial 3/5 finished for 6/29 prototypes.
Trial 4/5 finished for 6/29 prototypes.
Trial 0/5 finished for 7/29 prototypes.
Trial 1/5 finished for 7/29 prototypes.
Trial 2/5 finished for 7/29 prototypes.
Trial 3/5 finished for 7/29 prototypes.
Trial 4/5 finished for 7/29 prototypes.
Trial 0/5 finished for 8/29 prototypes.
Trial 1/5 finished for 8/29 prototypes.
Trial 2/5 finished for 8/29 prototypes.
Trial 3/5 finished for 8/29 prototypes.
Trial 4/5 finished for 8/29 prototypes.
Trial 0/5 finished for 9/29 prototypes.
Trial 1/5 finished for 9/29 prototypes.
Trial 2/5 finished for 9/29 prototypes.
Trial 3/5 finished for 9/29 prototypes.
Trial 4/5 finished for 9/29 prototypes.
Trial 0/5 finished for 10/29 prototypes.
Trial 1/5 finished for 10/29 prototypes.
Trial 2/5 finished for 10/29 prototypes.
Trial 3/5 finished for 10/29 prototypes.
Trial 4/5 finished for 10/29 prototypes.
Trial 0/5 finished for 11/29 prototypes.
Trial 1/5 finished for 11/29 prototypes.
Trial 2/5 finished for 11/29 prototypes.
Trial 3/5 finished for 11/29 prototypes.
Trial 4/5 finished for 11/29 prototypes.
Trial 0/5 finished for 12/29 prototypes.
Trial 1/5 finished for 12/29 prototypes.
Trial 2/5 finished for 12/29 prototypes.
Trial 3/5 finished for 12/29 prototypes.
Trial 4/5 finished for 12/29 prototypes.
Trial 0/5 finished for 13/29 prototypes.
Trial 1/5 finished for 13/29 prototypes.
Trial 2/5 finished for 13/29 prototypes.
Trial 3/5 finished for 13/29 prototypes.
Trial 4/5 finished for 13/29 prototypes.
Trial 0/5 finished for 14/29 prototypes.
Trial 1/5 finished for 14/29 prototypes.
Trial 2/5 finished for 14/29 prototypes.
Trial 3/5 finished for 14/29 prototypes.
Trial 4/5 finished for 14/29 prototypes.
Trial 0/5 finished for 15/29 prototypes.
Trial 1/5 finished for 15/29 prototypes.
Trial 2/5 finished for 15/29 prototypes.
Trial 3/5 finished for 15/29 prototypes.
Trial 4/5 finished for 15/29 prototypes.
Trial 0/5 finished for 16/29 prototypes.
Trial 1/5 finished for 16/29 prototypes.
Trial 2/5 finished for 16/29 prototypes.
Trial 3/5 finished for 16/29 prototypes.
Trial 4/5 finished for 16/29 prototypes.
Trial 0/5 finished for 17/29 prototypes.
Trial 1/5 finished for 17/29 prototypes.
Trial 2/5 finished for 17/29 prototypes.
Trial 3/5 finished for 17/29 prototypes.
Trial 4/5 finished for 17/29 prototypes.
Trial 0/5 finished for 18/29 prototypes.
Trial 1/5 finished for 18/29 prototypes.
Trial 2/5 finished for 18/29 prototypes.
Trial 3/5 finished for 18/29 prototypes.
Trial 4/5 finished for 18/29 prototypes.
Trial 0/5 finished for 19/29 prototypes.
Trial 1/5 finished for 19/29 prototypes.
Trial 2/5 finished for 19/29 prototypes.
Trial 3/5 finished for 19/29 prototypes.
Trial 4/5 finished for 19/29 prototypes.
Trial 0/5 finished for 20/29 prototypes.
Trial 1/5 finished for 20/29 prototypes.
Trial 2/5 finished for 20/29 prototypes.
Trial 3/5 finished for 20/29 prototypes.
Trial 4/5 finished for 20/29 prototypes.
Trial 0/5 finished for 21/29 prototypes.
Trial 1/5 finished for 21/29 prototypes.
Trial 2/5 finished for 21/29 prototypes.
Trial 3/5 finished for 21/29 prototypes.
Trial 4/5 finished for 21/29 prototypes.
Trial 0/5 finished for 22/29 prototypes.
Trial 1/5 finished for 22/29 prototypes.
Trial 2/5 finished for 22/29 prototypes.
Trial 3/5 finished for 22/29 prototypes.
Trial 4/5 finished for 22/29 prototypes.
Trial 0/5 finished for 23/29 prototypes.
Trial 1/5 finished for 23/29 prototypes.
Trial 2/5 finished for 23/29 prototypes.
Trial 3/5 finished for 23/29 prototypes.
Trial 4/5 finished for 23/29 prototypes.
Trial 0/5 finished for 24/29 prototypes.
Trial 1/5 finished for 24/29 prototypes.
Trial 2/5 finished for 24/29 prototypes.
Trial 3/5 finished for 24/29 prototypes.
Trial 4/5 finished for 24/29 prototypes.
Trial 0/5 finished for 25/29 prototypes.
Trial 1/5 finished for 25/29 prototypes.
Trial 2/5 finished for 25/29 prototypes.
Trial 3/5 finished for 25/29 prototypes.
Trial 4/5 finished for 25/29 prototypes.
Trial 0/5 finished for 26/29 prototypes.
Trial 1/5 finished for 26/29 prototypes.
Trial 2/5 finished for 26/29 prototypes.
Trial 3/5 finished for 26/29 prototypes.
Trial 4/5 finished for 26/29 prototypes.
Trial 0/5 finished for 27/29 prototypes.
Trial 1/5 finished for 27/29 prototypes.
Trial 2/5 finished for 27/29 prototypes.
Trial 3/5 finished for 27/29 prototypes.
Trial 4/5 finished for 27/29 prototypes.
Trial 0/5 finished for 28/29 prototypes.
Trial 1/5 finished for 28/29 prototypes.
Trial 2/5 finished for 28/29 prototypes.
Trial 3/5 finished for 28/29 prototypes.
Trial 4/5 finished for 28/29 prototypes.
Trial 0/5 finished for 29/29 prototypes.
Trial 1/5 finished for 29/29 prototypes.
Trial 2/5 finished for 29/29 prototypes.
Trial 3/5 finished for 29/29 prototypes.
Trial 4/5 finished for 29/29 prototypes.
Trial 0/5 finished for 30/29 prototypes.
Trial 1/5 finished for 30/29 prototypes.
Trial 2/5 finished for 30/29 prototypes.
Trial 3/5 finished for 30/29 prototypes.
Trial 4/5 finished for 30/29 prototypes.
[0.5726666666666667, 0.5619999999999998, 0.6100000000000001, 0.5673333333333335, 0.5706666666666667, 0.5880000000000002, 0.5793333333333335, 0.5686666666666668, 0.586, 0.6100000000000001, 0.5606666666666666, 0.5826666666666667, 0.594, 0.5746666666666665, 0.5760000000000001, 0.5766666666666667, 0.5813333333333334, 0.5720000000000001, 0.5926666666666668, 0.6133333333333332, 0.5613333333333334, 0.5520000000000002, 0.58, 0.5920000000000002, 0.5940000000000001, 0.5966666666666666, 0.606, 0.5700000000000003, 0.5893333333333333]
0.582068965517
---------------------------------------------
TEST TWO
0.633333333333
0.666666666667
0.5
0.7
0.6
0.633333333333
0.666666666667
0.5
0.5
0.566666666667
Trial 0/5 finished for window size 4/15.
RESULTS: 0.596666666667
0.766666666667
0.6
0.833333333333
0.7
0.766666666667
0.633333333333
0.666666666667
0.7
0.5
0.7
Trial 1/5 finished for window size 4/15.
RESULTS: 0.641666666667
0.666666666667
0.666666666667
0.7
0.666666666667
0.566666666667
0.666666666667
0.466666666667
0.666666666667
0.5
0.5
Trial 2/5 finished for window size 4/15.
RESULTS: 0.63
0.7
0.466666666667
0.566666666667
0.633333333333
0.7
0.566666666667
0.533333333333
0.433333333333
0.666666666667
0.466666666667
Trial 3/5 finished for window size 4/15.
RESULTS: 0.615833333333
0.566666666667
0.633333333333
0.633333333333
0.6
0.766666666667
0.733333333333
0.666666666667
0.566666666667
0.6
0.566666666667
Trial 4/5 finished for window size 4/15.
RESULTS: 0.619333333333
Finished 4: 0.619333333333
0.866666666667
0.8
0.6
0.7
0.666666666667
0.6
0.7
0.633333333333
0.666666666667
0.5
Trial 0/5 finished for window size 8/15.
RESULTS: 0.673333333333
0.533333333333
0.533333333333
0.466666666667
0.633333333333
0.633333333333
0.6
0.6
0.5
0.566666666667
0.6
Trial 1/5 finished for window size 8/15.
RESULTS: 0.62
0.566666666667
0.466666666667
0.766666666667
0.433333333333
0.433333333333
0.533333333333
0.466666666667
0.7
0.766666666667
0.766666666667
Trial 2/5 finished for window size 8/15.
RESULTS: 0.61
0.666666666667
0.5
0.7
0.433333333333
0.6
0.633333333333
0.7
0.6
0.533333333333
0.6
Trial 3/5 finished for window size 8/15.
RESULTS: 0.606666666667
0.733333333333
0.6
0.833333333333
0.533333333333
0.533333333333
0.733333333333
0.7
0.766666666667
0.566666666667
0.633333333333
Trial 4/5 finished for window size 8/15.
RESULTS: 0.618
Finished 8: 0.618
0.466666666667
0.9
0.6
0.733333333333
0.7
0.8
0.6
0.666666666667
0.7
0.633333333333
Trial 0/5 finished for window size 12/15.
RESULTS: 0.68
0.633333333333
0.633333333333
0.633333333333
0.766666666667
0.633333333333
0.666666666667
0.7
0.733333333333
0.633333333333
0.733333333333
Trial 1/5 finished for window size 12/15.
RESULTS: 0.678333333333
0.566666666667
0.6
0.733333333333
0.7
0.5
0.766666666667
0.766666666667
0.533333333333
0.666666666667
0.666666666667
Trial 2/5 finished for window size 12/15.
RESULTS: 0.668888888889
0.7
0.6
0.633333333333
0.733333333333
0.7
0.433333333333
0.566666666667
0.666666666667
0.7
0.633333333333
Trial 3/5 finished for window size 12/15.
RESULTS: 0.660833333333
0.6
0.666666666667
0.8
0.666666666667
0.666666666667
0.8
0.533333333333
0.533333333333
0.666666666667
0.566666666667
Trial 4/5 finished for window size 12/15.
RESULTS: 0.658666666667
Finished 12: 0.658666666667
0.633333333333
0.766666666667
0.566666666667
0.633333333333
0.633333333333
0.6
0.633333333333
0.733333333333
0.6
0.666666666667
Trial 0/5 finished for window size 16/15.
RESULTS: 0.646666666667
0.633333333333
0.7
0.6
0.533333333333
0.566666666667
0.466666666667
0.633333333333
0.7
0.6
0.833333333333
Trial 1/5 finished for window size 16/15.
RESULTS: 0.636666666667
0.666666666667
0.666666666667
0.666666666667
0.733333333333
0.733333333333
0.666666666667
0.733333333333
0.666666666667
0.766666666667
0.533333333333
Trial 2/5 finished for window size 16/15.
RESULTS: 0.652222222222
0.833333333333
0.566666666667
0.466666666667
0.4
0.833333333333
0.5
0.666666666667
0.7
0.766666666667
0.666666666667
Trial 3/5 finished for window size 16/15.
RESULTS: 0.649166666667
0.566666666667
0.766666666667
0.7
0.6
0.633333333333
0.733333333333
0.533333333333
0.6
0.5
0.6
Trial 4/5 finished for window size 16/15.
RESULTS: 0.644
Finished 16: 0.644
0.766666666667
0.666666666667
0.4
0.633333333333
0.7
0.6
0.7
0.566666666667
0.733333333333
0.633333333333
Trial 0/5 finished for window size 20/15.
RESULTS: 0.64
0.666666666667
0.533333333333
0.733333333333
0.8
0.766666666667
0.6
0.6
0.733333333333
0.7
0.666666666667
Trial 1/5 finished for window size 20/15.
RESULTS: 0.66
0.466666666667
0.866666666667
0.6
0.7
0.766666666667
0.666666666667
0.666666666667
0.7
0.7
0.666666666667
Trial 2/5 finished for window size 20/15.
RESULTS: 0.666666666667
0.566666666667
0.666666666667
0.8
0.633333333333
0.6
0.666666666667
0.6
0.7
0.766666666667
0.466666666667
Trial 3/5 finished for window size 20/15.
RESULTS: 0.661666666667
0.633333333333
0.733333333333
0.633333333333
0.566666666667
0.6
0.633333333333
0.533333333333
0.6
0.766666666667
0.766666666667
Trial 4/5 finished for window size 20/15.
RESULTS: 0.658666666667
Finished 20: 0.658666666667
0.833333333333
0.6
0.633333333333
0.533333333333
0.766666666667
0.666666666667
0.7
0.4
0.733333333333
0.666666666667
Trial 0/5 finished for window size 24/15.
RESULTS: 0.653333333333
0.5
0.7
0.7
0.633333333333
0.733333333333
0.733333333333
0.566666666667
0.6
0.533333333333
0.8
Trial 1/5 finished for window size 24/15.
RESULTS: 0.651666666667
0.766666666667
0.666666666667
0.7
0.666666666667
0.733333333333
0.6
0.7
0.5
0.566666666667
0.633333333333
Trial 2/5 finished for window size 24/15.
RESULTS: 0.652222222222
0.766666666667
0.766666666667
0.666666666667
0.8
0.533333333333
0.766666666667
0.666666666667
0.466666666667
0.633333333333
0.8
Trial 3/5 finished for window size 24/15.
RESULTS: 0.660833333333
0.633333333333
0.633333333333
0.633333333333
0.566666666667
0.666666666667
0.633333333333
0.8
0.8
0.666666666667
0.666666666667
Trial 4/5 finished for window size 24/15.
RESULTS: 0.662666666667
Finished 24: 0.662666666667
0.7
0.766666666667
0.7
0.6
0.633333333333
0.866666666667
0.733333333333
0.7
0.4
0.733333333333
Trial 0/5 finished for window size 28/15.
RESULTS: 0.683333333333
0.5
0.766666666667
0.733333333333
0.633333333333
0.566666666667
0.733333333333
0.6
0.5
0.733333333333
0.6
Trial 1/5 finished for window size 28/15.
RESULTS: 0.66
0.6
0.6
0.7
0.666666666667
0.833333333333
0.833333333333
0.666666666667
0.833333333333
0.766666666667
0.7
Trial 2/5 finished for window size 28/15.
RESULTS: 0.68
0.566666666667
0.7
0.7
0.7
0.733333333333
0.833333333333
0.733333333333
0.7
0.4
0.633333333333
Trial 3/5 finished for window size 28/15.
RESULTS: 0.6775
0.6
0.666666666667
0.6
0.666666666667
0.8
0.666666666667
0.666666666667
0.733333333333
0.6
0.433333333333
Trial 4/5 finished for window size 28/15.
RESULTS: 0.670666666667
Finished 28: 0.670666666667
0.566666666667
0.6
0.733333333333
0.533333333333
0.6
0.6
0.533333333333
0.666666666667
0.8
0.666666666667
Trial 0/5 finished for window size 32/15.
RESULTS: 0.63
0.7
0.633333333333
0.8
0.5
0.766666666667
0.833333333333
0.733333333333
0.8
0.866666666667
0.833333333333
Trial 1/5 finished for window size 32/15.
RESULTS: 0.688333333333
0.466666666667
0.833333333333
0.6
0.666666666667
0.666666666667
0.7
0.6
0.733333333333
0.7
0.766666666667
Trial 2/5 finished for window size 32/15.
RESULTS: 0.683333333333
0.6
0.7
0.666666666667
0.6
0.7
0.766666666667
0.7
0.633333333333
0.8
0.633333333333
Trial 3/5 finished for window size 32/15.
RESULTS: 0.6825
0.7
0.7
0.7
0.5
0.666666666667
0.766666666667
0.633333333333
0.5
0.566666666667
0.733333333333
Trial 4/5 finished for window size 32/15.
RESULTS: 0.675333333333
Finished 32: 0.675333333333
0.666666666667
0.766666666667
0.566666666667
0.733333333333
0.566666666667
0.666666666667
0.6
0.6
0.666666666667
0.6
Trial 0/5 finished for window size 36/15.
RESULTS: 0.643333333333
0.7
0.7
0.766666666667
0.6
0.766666666667
0.533333333333
0.7
0.533333333333
0.833333333333
0.633333333333
Trial 1/5 finished for window size 36/15.
RESULTS: 0.66
0.666666666667
0.533333333333
0.666666666667
0.566666666667
0.6
0.933333333333
0.666666666667
0.666666666667
0.733333333333
0.766666666667
Trial 2/5 finished for window size 36/15.
RESULTS: 0.666666666667
0.633333333333
0.666666666667
0.566666666667
0.8
0.733333333333
0.766666666667
0.666666666667
0.833333333333
0.7
0.733333333333
Trial 3/5 finished for window size 36/15.
RESULTS: 0.6775
0.6
0.533333333333
0.566666666667
0.7
0.8
0.7
0.733333333333
0.766666666667
0.866666666667
0.733333333333
Trial 4/5 finished for window size 36/15.
RESULTS: 0.682
Finished 36: 0.682
0.533333333333
0.8
0.7
0.733333333333
0.766666666667
0.733333333333
0.633333333333
0.866666666667
0.666666666667
0.7
Trial 0/5 finished for window size 40/15.
RESULTS: 0.713333333333
0.7
0.6
0.7
0.666666666667
0.833333333333
0.566666666667
0.7
0.766666666667
0.766666666667
0.766666666667
Trial 1/5 finished for window size 40/15.
RESULTS: 0.71
0.733333333333
0.666666666667
0.733333333333
0.7
0.6
0.733333333333
0.766666666667
0.566666666667
0.566666666667
0.8
Trial 2/5 finished for window size 40/15.
RESULTS: 0.702222222222
0.7
0.6
0.733333333333
0.733333333333
0.633333333333
0.733333333333
0.666666666667
0.8
0.466666666667
0.533333333333
Trial 3/5 finished for window size 40/15.
RESULTS: 0.691666666667
0.833333333333
0.6
0.6
0.833333333333
0.666666666667
0.566666666667
0.433333333333
0.633333333333
0.666666666667
0.833333333333
Trial 4/5 finished for window size 40/15.
RESULTS: 0.686666666667
Finished 40: 0.686666666667
0.7
0.6
0.766666666667
0.633333333333
0.8
0.6
0.6
0.633333333333
0.633333333333
0.633333333333
Trial 0/5 finished for window size 44/15.
RESULTS: 0.66
0.666666666667
0.733333333333
0.666666666667
0.633333333333
0.666666666667
0.6
0.666666666667
0.833333333333
0.666666666667
0.5
Trial 1/5 finished for window size 44/15.
RESULTS: 0.661666666667
0.766666666667
0.533333333333
0.5
0.666666666667
0.733333333333
0.633333333333
0.566666666667
0.766666666667
0.733333333333
0.666666666667
Trial 2/5 finished for window size 44/15.
RESULTS: 0.66
0.633333333333
0.6
0.733333333333
0.5
0.633333333333
0.766666666667
0.7
0.733333333333
0.5
0.633333333333
Trial 3/5 finished for window size 44/15.
RESULTS: 0.655833333333
0.633333333333
0.7
0.7
0.866666666667
0.8
0.733333333333
0.7
0.766666666667
0.633333333333
0.833333333333
Trial 4/5 finished for window size 44/15.
RESULTS: 0.672
Finished 44: 0.672
0.666666666667
0.7
0.6
0.633333333333
0.7
0.8
0.8
0.7
0.766666666667
0.7
Trial 0/5 finished for window size 48/15.
RESULTS: 0.706666666667
0.6
0.7
0.466666666667
0.6
0.666666666667
0.666666666667
0.633333333333
0.7
0.6
0.766666666667
Trial 1/5 finished for window size 48/15.
RESULTS: 0.673333333333
0.866666666667
0.766666666667
0.733333333333
0.5
0.766666666667
0.733333333333
0.766666666667
0.466666666667
0.433333333333
0.7
Trial 2/5 finished for window size 48/15.
RESULTS: 0.673333333333
0.7
0.733333333333
0.666666666667
0.566666666667
0.733333333333
0.6
0.7
0.566666666667
0.766666666667
0.466666666667
Trial 3/5 finished for window size 48/15.
RESULTS: 0.6675
0.633333333333
0.533333333333
0.8
0.833333333333
0.733333333333
0.566666666667
0.633333333333
0.6
0.733333333333
0.866666666667
Trial 4/5 finished for window size 48/15.
RESULTS: 0.672666666667
Finished 48: 0.672666666667
0.6
0.7
0.733333333333
0.766666666667
0.733333333333
0.633333333333
0.833333333333
0.7
0.733333333333
0.766666666667
Trial 0/5 finished for window size 52/15.
RESULTS: 0.72
0.733333333333
0.733333333333
0.633333333333
0.8
0.933333333333
0.7
0.633333333333
0.633333333333
0.8
0.5
Trial 1/5 finished for window size 52/15.
RESULTS: 0.715
0.566666666667
0.533333333333
0.766666666667
0.666666666667
0.6
0.766666666667
0.633333333333
0.633333333333
0.633333333333
0.6
Trial 2/5 finished for window size 52/15.
RESULTS: 0.69
0.833333333333
0.566666666667
0.633333333333
0.533333333333
0.666666666667
0.6
0.566666666667
0.633333333333
0.766666666667
0.6
Trial 3/5 finished for window size 52/15.
RESULTS: 0.6775
0.533333333333
0.7
0.6
0.6
0.533333333333
0.633333333333
0.7
0.533333333333
0.633333333333
0.666666666667
Trial 4/5 finished for window size 52/15.
RESULTS: 0.664666666667
Finished 52: 0.664666666667
0.733333333333
0.6
0.7
0.633333333333
0.8
0.733333333333
0.666666666667
0.6
0.666666666667
0.733333333333
Trial 0/5 finished for window size 56/15.
RESULTS: 0.686666666667
0.633333333333
0.8
0.866666666667
0.7
0.766666666667
0.6
0.466666666667
0.666666666667
0.833333333333
0.7
Trial 1/5 finished for window size 56/15.
RESULTS: 0.695
0.633333333333
0.7
0.766666666667
0.633333333333
0.633333333333
0.666666666667
0.833333333333
0.866666666667
0.7
0.733333333333
Trial 2/5 finished for window size 56/15.
RESULTS: 0.702222222222
0.666666666667
0.433333333333
0.9
0.766666666667
0.8
0.633333333333
0.6
0.7
0.766666666667
0.6
Trial 3/5 finished for window size 56/15.
RESULTS: 0.698333333333
0.766666666667
0.733333333333
0.533333333333
0.6
0.7
0.5
0.566666666667
0.5
0.766666666667
0.7
Trial 4/5 finished for window size 56/15.
RESULTS: 0.686
Finished 56: 0.686
0.666666666667
0.733333333333
0.8
0.5
0.7
0.7
0.666666666667
0.666666666667
0.6
0.766666666667
Trial 0/5 finished for window size 60/15.
RESULTS: 0.68
0.6
0.566666666667
0.666666666667
0.733333333333
0.666666666667
0.666666666667
0.8
0.666666666667
0.7
0.766666666667
Trial 1/5 finished for window size 60/15.
RESULTS: 0.681666666667
0.7
0.566666666667
0.933333333333
0.633333333333
0.8
0.833333333333
0.733333333333
0.666666666667
0.766666666667
0.533333333333
Trial 2/5 finished for window size 60/15.
RESULTS: 0.693333333333
0.566666666667
0.7
0.8
0.533333333333
0.666666666667
0.666666666667
0.8
0.466666666667
0.633333333333
0.833333333333
Trial 3/5 finished for window size 60/15.
RESULTS: 0.686666666667
0.766666666667
0.633333333333
0.566666666667
0.733333333333
0.7
0.733333333333
0.766666666667
0.766666666667
0.8
0.666666666667
Trial 4/5 finished for window size 60/15.
RESULTS: 0.692
Finished 60: 0.692
Points: [0.6193333333333332, 0.618, 0.6586666666666668, 0.6439999999999999, 0.6586666666666667, 0.6626666666666665, 0.6706666666666665, 0.6753333333333335, 0.6820000000000002, 0.6866666666666669, 0.672, 0.6726666666666665, 0.6646666666666668, 0.686, 0.6919999999999998]
AVERAGE: 0.664222222222
----------------------------------------------
0.688888888889
0.677777777778
0.622222222222
0.633333333333
Trial 0/5 finished for window size 4/15.
RESULTS: 0.655555555556
0.577777777778
0.655555555556
0.722222222222
0.466666666667
Trial 1/5 finished for window size 4/15.
RESULTS: 0.630555555556
0.744444444444
0.744444444444
0.688888888889
0.533333333333
Trial 2/5 finished for window size 4/15.
RESULTS: 0.646296296296
0.744444444444
0.711111111111
0.7
0.666666666667
Trial 3/5 finished for window size 4/15.
RESULTS: 0.661111111111
0.677777777778
0.711111111111
0.711111111111
0.633333333333
Trial 4/5 finished for window size 4/15.
RESULTS: 0.665555555556
0.633333333333
0.7
0.7
0.6
Trial 0/5 finished for window size 8/15.
RESULTS: 0.658333333333
0.644444444444
0.722222222222
0.788888888889
0.666666666667
Trial 1/5 finished for window size 8/15.
RESULTS: 0.681944444444
0.711111111111
0.711111111111
0.666666666667
0.633333333333
Trial 2/5 finished for window size 8/15.
RESULTS: 0.681481481481
0.766666666667
0.755555555556
0.788888888889
0.666666666667
Trial 3/5 finished for window size 8/15.
RESULTS: 0.697222222222
0.677777777778
0.633333333333
0.677777777778
0.6
Trial 4/5 finished for window size 8/15.
RESULTS: 0.687222222222
0.533333333333
0.7
0.6
0.633333333333
Trial 0/5 finished for window size 12/15.
RESULTS: 0.616666666667
0.588888888889
0.611111111111
0.744444444444
0.533333333333
Trial 1/5 finished for window size 12/15.
RESULTS: 0.618055555556
0.622222222222
0.711111111111
0.688888888889
0.6
Trial 2/5 finished for window size 12/15.
RESULTS: 0.630555555556
0.7
0.722222222222
0.655555555556
0.6
Trial 3/5 finished for window size 12/15.
RESULTS: 0.640277777778
0.666666666667
0.566666666667
0.722222222222
0.666666666667
Trial 4/5 finished for window size 12/15.
RESULTS: 0.643333333333
0.755555555556
0.766666666667
0.677777777778
0.766666666667
Trial 0/5 finished for window size 16/15.
RESULTS: 0.741666666667
0.577777777778
0.666666666667
0.555555555556
0.533333333333
Trial 1/5 finished for window size 16/15.
RESULTS: 0.6625
0.677777777778
0.622222222222
0.533333333333
0.6
Trial 2/5 finished for window size 16/15.
RESULTS: 0.644444444444
0.677777777778
0.755555555556
0.622222222222
0.5
Trial 3/5 finished for window size 16/15.
RESULTS: 0.643055555556
0.666666666667
0.666666666667
0.655555555556
0.5
Trial 4/5 finished for window size 16/15.
RESULTS: 0.638888888889
0.566666666667
0.655555555556
0.655555555556
0.566666666667
Trial 0/5 finished for window size 20/15.
RESULTS: 0.611111111111
0.655555555556
0.677777777778
0.688888888889
0.666666666667
Trial 1/5 finished for window size 20/15.
RESULTS: 0.641666666667
0.744444444444
0.744444444444
0.666666666667
0.633333333333
Trial 2/5 finished for window size 20/15.
RESULTS: 0.660185185185
0.655555555556
0.588888888889
0.688888888889
0.7
Trial 3/5 finished for window size 20/15.
RESULTS: 0.659722222222
0.622222222222
0.655555555556
0.666666666667
0.566666666667
Trial 4/5 finished for window size 20/15.
RESULTS: 0.653333333333
0.566666666667
0.566666666667
0.588888888889
0.633333333333
Trial 0/5 finished for window size 24/15.
RESULTS: 0.588888888889
0.666666666667
0.677777777778
0.666666666667
0.6
Trial 1/5 finished for window size 24/15.
RESULTS: 0.620833333333
0.677777777778
0.722222222222
0.755555555556
0.6
Trial 2/5 finished for window size 24/15.
RESULTS: 0.643518518519
0.655555555556
0.688888888889
0.688888888889
0.5
Trial 3/5 finished for window size 24/15.
RESULTS: 0.640972222222
0.644444444444
0.666666666667
0.722222222222
0.6
Trial 4/5 finished for window size 24/15.
RESULTS: 0.644444444444
0.733333333333
0.633333333333
0.633333333333
0.4
Trial 0/5 finished for window size 28/15.
RESULTS: 0.6
0.633333333333
0.7
0.688888888889
0.6
Trial 1/5 finished for window size 28/15.
RESULTS: 0.627777777778
0.733333333333
0.7
0.7
0.666666666667
Trial 2/5 finished for window size 28/15.
RESULTS: 0.651851851852
0.777777777778
0.755555555556
0.788888888889
0.666666666667
Trial 3/5 finished for window size 28/15.
RESULTS: 0.675694444444
0.688888888889
0.688888888889
0.666666666667
0.533333333333
Trial 4/5 finished for window size 28/15.
RESULTS: 0.669444444444
0.666666666667
0.7
0.766666666667
0.633333333333
Trial 0/5 finished for window size 32/15.
RESULTS: 0.691666666667
0.666666666667
0.744444444444
0.711111111111
0.6
Trial 1/5 finished for window size 32/15.
RESULTS: 0.686111111111
0.811111111111
0.788888888889
0.822222222222
0.766666666667
Trial 2/5 finished for window size 32/15.
RESULTS: 0.723148148148
0.6
0.611111111111
0.7
0.366666666667
Trial 3/5 finished for window size 32/15.
RESULTS: 0.684722222222
0.733333333333
0.655555555556
0.544444444444
0.633333333333
Trial 4/5 finished for window size 32/15.
RESULTS: 0.676111111111
0.688888888889
0.633333333333
0.688888888889
0.566666666667
Trial 0/5 finished for window size 36/15.
RESULTS: 0.644444444444
0.766666666667
0.666666666667
0.7
0.566666666667
Trial 1/5 finished for window size 36/15.
RESULTS: 0.659722222222
0.655555555556
0.677777777778
0.755555555556
0.633333333333
Trial 2/5 finished for window size 36/15.
RESULTS: 0.666666666667
0.511111111111
0.522222222222
0.655555555556
0.633333333333
Trial 3/5 finished for window size 36/15.
RESULTS: 0.645138888889
0.722222222222
0.733333333333
0.6
0.7
Trial 4/5 finished for window size 36/15.
RESULTS: 0.653888888889
0.622222222222
0.711111111111
0.711111111111
0.533333333333
Trial 0/5 finished for window size 40/15.
RESULTS: 0.644444444444
0.722222222222
0.711111111111
0.7
0.5
Trial 1/5 finished for window size 40/15.
RESULTS: 0.651388888889
0.655555555556
0.811111111111
0.666666666667
0.566666666667
Trial 2/5 finished for window size 40/15.
RESULTS: 0.659259259259
0.711111111111
0.711111111111
0.655555555556
0.5
Trial 3/5 finished for window size 40/15.
RESULTS: 0.655555555556
0.688888888889
0.666666666667
0.566666666667
0.633333333333
Trial 4/5 finished for window size 40/15.
RESULTS: 0.652222222222
0.766666666667
0.677777777778
0.688888888889
0.633333333333
Trial 0/5 finished for window size 44/15.
RESULTS: 0.691666666667
0.722222222222
0.755555555556
0.8
0.633333333333
Trial 1/5 finished for window size 44/15.
RESULTS: 0.709722222222
0.755555555556
0.733333333333
0.655555555556
0.433333333333
Trial 2/5 finished for window size 44/15.
RESULTS: 0.687962962963
0.633333333333
0.666666666667
0.677777777778
0.533333333333
Trial 3/5 finished for window size 44/15.
RESULTS: 0.672916666667
0.722222222222
0.655555555556
0.588888888889
0.6
Trial 4/5 finished for window size 44/15.
RESULTS: 0.666666666667
0.611111111111
0.7
0.644444444444
0.466666666667
Trial 0/5 finished for window size 48/15.
RESULTS: 0.605555555556
0.666666666667
0.666666666667
0.744444444444
0.566666666667
Trial 1/5 finished for window size 48/15.
RESULTS: 0.633333333333
0.722222222222
0.577777777778
0.644444444444
0.433333333333
Trial 2/5 finished for window size 48/15.
RESULTS: 0.62037037037
0.644444444444
0.622222222222
0.722222222222
0.566666666667
Trial 3/5 finished for window size 48/15.
RESULTS: 0.625
0.755555555556
0.666666666667
0.7
0.566666666667
Trial 4/5 finished for window size 48/15.
RESULTS: 0.634444444444
0.611111111111
0.577777777778
0.488888888889
0.433333333333
Trial 0/5 finished for window size 52/15.
RESULTS: 0.527777777778
0.733333333333
0.811111111111
0.733333333333
0.633333333333
Trial 1/5 finished for window size 52/15.
RESULTS: 0.627777777778
0.711111111111
0.755555555556
0.666666666667
0.533333333333
Trial 2/5 finished for window size 52/15.
RESULTS: 0.640740740741
0.611111111111
0.633333333333
0.788888888889
0.566666666667
Trial 3/5 finished for window size 52/15.
RESULTS: 0.643055555556
0.7
0.7
0.744444444444
0.566666666667
Trial 4/5 finished for window size 52/15.
RESULTS: 0.65
0.644444444444
0.6
0.633333333333
0.533333333333
Trial 0/5 finished for window size 56/15.
RESULTS: 0.602777777778
0.722222222222
0.722222222222
0.711111111111
0.7
Trial 1/5 finished for window size 56/15.
RESULTS: 0.658333333333
0.733333333333
0.744444444444
0.711111111111
0.8
Trial 2/5 finished for window size 56/15.
RESULTS: 0.687962962963
0.677777777778
0.577777777778
0.666666666667
0.533333333333
Trial 3/5 finished for window size 56/15.
RESULTS: 0.669444444444
0.644444444444
0.588888888889
0.677777777778
0.633333333333
Trial 4/5 finished for window size 56/15.
RESULTS: 0.662777777778
0.522222222222
0.622222222222
0.666666666667
0.5
Trial 0/5 finished for window size 60/15.
RESULTS: 0.577777777778
0.677777777778
0.655555555556
0.711111111111
0.7
Trial 1/5 finished for window size 60/15.
RESULTS: 0.631944444444
0.711111111111
0.666666666667
0.7
0.7
Trial 2/5 finished for window size 60/15.
RESULTS: 0.652777777778
0.644444444444
0.677777777778
0.655555555556
0.4
Trial 3/5 finished for window size 60/15.
RESULTS: 0.638194444444
0.611111111111
0.711111111111
0.711111111111
0.533333333333
Trial 4/5 finished for window size 60/15.
RESULTS: 0.638888888889
[0.6655555555555553, 0.6872222222222223, 0.6433333333333331, 0.6388888888888886, 0.6533333333333331, 0.6444444444444443, 0.6694444444444445, 0.6761111111111109, 0.6538888888888887, 0.652222222222222, 0.6666666666666665, 0.6344444444444443, 0.65, 0.6627777777777777, 0.6388888888888887]
0.655814814815
---------------------------------------------
TEST THREE
Getting fitnesses for generation 0
Population: [['no 2', 'no 2', 'af 5', 'rf 5', 'rl 4', 'no 4', 'rl 1', 'rf 5', 'no 1', 'af 2'], ['no 4', 'no 2', 'rf 3', 'rl 4', 'rf 2', 'no 3', 'rl 3', 'no 3', 'rf 2', 'no 4'], ['no 2', 'no 2', 'af 5', 'rf 5', 'af 3', 'no 4', 'af 4', 'rf 5', 'rf 1', 'rl 3'], ['no 2', 'no 2', 'af 5', 'af 2', 'af 3', 'rf 3', 'af 4', 'rf 4', 'rf 1', 'af 2'], ['no 2', 'no 2', 'rf 3', 'rl 4', 'rf 2', 'rf 3', 'af 4', 'no 3', 'rf 2', 'no 4'], ['no 2', 'rf 1', 'af 5', 'rf 5', 'af 3', 'rf 3', 'af 4', 'rf 4', 'no 1', 'rl 3']] at generation 0
with fitnesses [0.4666666666666666, 0.7233333333333334, 0.5966666666666667]
Getting fitnesses for generation 1
Population: [['no 2', 'no 2', 'af 5', 'af 2', 'af 3', 'rf 3', 'af 4', 'rf 4', 'rf 1', 'af 2'], ['no 2', 'rf 1', 'af 5', 'af 2', 'af 3', 'rf 3', 'af 4', 'rf 4', 'rf 1', 'rl 3'], ['no 2', 'rf 1', 'af 5', 'af 2', 'af 3', 'rf 3', 'af 4', 'rf 4', 'rf 1', 'rl 3'], ['no 2', 'no 2', 'af 5', 'af 2', 'af 3', 'rf 3', 'af 4', 'rf 4', 'rf 1', 'rl 3'], ['no 2', 'no 2', 'af 5', 'rf 5', 'rl 4', 'no 4', 'rl 1', 'rf 5', 'no 1', 'af 2'], ['no 2', 'no 2', 'af 5', 'rf 5', 'af 3', 'rf 3', 'rl 1', 'rf 5', 'no 1', 'af 2']] at generation 1
with fitnesses [0.6433333333333333, 0.4666666666666667, 0.62, 0.7033333333333334, 0.457142857142857, 0.6766666666666666]
Getting fitnesses for generation 2
Population: [['no 2', 'rf 1', 'af 5', 'af 2', 'af 3', 'rf 3', 'af 4', 'rf 4', 'rf 1', 'af 2'], ['no 2', 'rf 1', 'af 5', 'af 2', 'af 3', 'rf 3', 'af 4', 'rf 4', 'rf 1', 'rl 3'], ['no 2', 'no 2', 'af 5', 'af 2', 'af 3', 'rf 3', 'af 4', 'rf 4', 'rf 1', 'rl 3'], ['no 2', 'rf 1', 'af 5', 'af 2', 'af 3', 'rf 3', 'af 4', 'rf 4', 'rf 1', 'rl 3'], ['no 2', 'no 2', 'af 5', 'af 2', 'af 3', 'rf 3', 'af 4', 'rf 4', 'rf 1', 'af 2'], ['no 2', 'no 2', 'af 5', 'af 2', 'af 3', 'rf 3', 'af 4', 'rf 4', 'rf 1', 'rl 3']] at generation 2
with fitnesses [0.6633333333333333, 0.6599999999999999, 0.6866666666666666, 0.7066666666666668, 0.5433333333333332, 0.6366666666666665]
Getting fitnesses for generation 3
Population: [['no 2', 'rf 1', 'af 5', 'af 2', 'af 3', 'rf 3', 'af 4', 'rf 4', 'rf 1', 'rl 3'], ['no 2', 'rf 1', 'af 5', 'af 2', 'af 3', 'rf 3', 'af 4', 'rf 4', 'rf 1', 'rl 3'], ['no 2', 'no 2', 'af 5', 'af 2', 'af 3', 'rf 3', 'af 4', 'rf 4', 'rf 1', 'af 2'], ['no 2', 'no 2', 'af 5', 'af 2', 'af 3', 'rf 3', 'af 4', 'rf 4', 'rf 1', 'af 2'], ['no 2', 'no 2', 'af 5', 'af 2', 'af 3', 'rf 3', 'af 4', 'rf 4', 'rf 1', 'af 2'], ['no 2', 'rf 1', 'af 5', 'af 2', 'af 3', 'rf 3', 'af 4', 'rf 4', 'rf 1', 'rl 3']] at generation 3
with fitnesses [0.6566666666666665, 0.6033333333333333, 0.6599999999999999, 0.6766666666666667, 0.7166666666666668, 0.5899999999999999]
Getting fitnesses for generation 4
Population: [['no 2', 'no 2', 'af 5', 'af 2', 'af 3', 'rf 3', 'af 4', 'rf 4', 'rf 1', 'rl 3'], ['no 2', 'rf 1', 'af 5', 'af 2', 'af 3', 'rf 3', 'af 4', 'rf 4', 'rf 1', 'af 2'], ['no 2', 'no 2', 'af 5', 'af 2', 'af 3', 'rf 3', 'af 4', 'rf 4', 'rf 1', 'rl 3'], ['no 2', 'rf 1', 'af 5', 'af 2', 'af 3', 'rf 3', 'af 4', 'rf 4', 'rf 1', 'rl 3'], ['no 2', 'no 2', 'af 5', 'af 2', 'af 3', 'rf 3', 'af 4', 'rf 4', 'rf 1', 'af 2'], ['no 2', 'rf 1', 'af 5', 'af 2', 'af 3', 'rf 3', 'af 4', 'rf 4', 'rf 1', 'af 2']] at generation 4
with fitnesses [0.6866666666666668, 0.7166666666666667, 0.65, 0.7433333333333334, 0.6566666666666666, 0.7033333333333334]
['no 2', 'no 2', 'af 5', 'af 2', 'af 3', 'rf 3', 'af 4', 'rf 4', 'rf 1', 'af 2'] => 0.743333333333
--------------------------------------------
TEST FOUR
Getting fitnesses for generation 0
Population: [['af 1', 'al 1', 'al 1', 'al 1', 'af 1', 'af 1', 'af 1', 'af 1', 'al 1', 'rf 2'], ['af 1', 'af 1', 'af 1', 'af 1', 'af 1', 'af 1', 'af 1', 'af 1', 'rl 1', 'rl 1'], ['af 1', 'af 1', 'al 1', 'al 1', 'af 1', 'af 1', 'af 1', 'af 1', 'rl 1', 'rl 1'], ['af 1', 'af 1', 'af 1', 'al 1', 'af 1', 'af 1', 'al 1', 'af 1', 'al 1', 'rf 2'], ['af 1', 'no 1', 'no 1', 'af 1', 'af 1', 'no 1', 'af 1', 'no 1', 'no 1', 'rl 1'], ['no 1', 'no 1', 'no 1', 'no 1', 'no 1', 'no 1', 'no 1', 'no 1', 'no 1', 'no 1']] at generation 0
with fitnesses [0.68, 0.6966666666666667, 0.73, 0.4533333333333333]
Getting fitnesses for generation 1
Population: [['af 1', 'no 1', 'no 1', 'af 1', 'af 1', 'af 1', 'af 1', 'af 1', 'no 1', 'rl 1'], ['af 1', 'af 1', 'af 1', 'af 1', 'af 1', 'af 1', 'af 1', 'af 1', 'rl 1', 'rl 1'], ['af 1', 'af 1', 'af 1', 'al 1', 'af 1', 'af 1', 'af 1', 'af 1', 'rl 1', 'rl 1'], ['af 1', 'no 1', 'af 1', 'af 1', 'af 1', 'af 1', 'af 1', 'no 1', 'no 1', 'rl 1'], ['af 1', 'no 1', 'no 1', 'af 1', 'af 1', 'no 1', 'af 1', 'no 1', 'rl 1', 'rl 1'], ['af 1', 'al 1', 'no 1', 'af 1', 'af 1', 'no 1', 'af 1', 'af 1', 'al 1', 'rf 2']] at generation 1
with fitnesses [0.7233333333333334, 0.7433333333333333, 0.69, 0.7, 0.7066666666666667, 0.6633333333333333]
Getting fitnesses for generation 2
Population: [['af 1', 'no 1', 'af 1', 'af 1', 'af 1', 'af 1', 'af 1', 'no 1', 'no 1', 'rl 1'], ['af 1', 'al 1', 'no 1', 'af 1', 'af 1', 'no 1', 'af 1', 'af 1', 'al 1', 'rf 2'], ['af 1', 'af 1', 'af 1', 'af 1', 'af 1', 'af 1', 'af 1', 'af 1', 'rl 1', 'rl 1'], ['af 1', 'no 1', 'af 1', 'af 1', 'af 1', 'no 1', 'af 1', 'no 1', 'no 1', 'rf 2'], ['af 1', 'al 1', 'af 1', 'af 1', 'af 1', 'af 1', 'af 1', 'af 1', 'rl 1', 'rf 2'], ['af 1', 'al 1', 'af 1', 'af 1', 'af 1', 'af 1', 'af 1', 'no 1', 'no 1', 'rl 1']] at generation 2
with fitnesses [0.6766666666666665, 0.73, 0.6433333333333333, 0.7133333333333333, 0.64, 0.7]
Getting fitnesses for generation 3
Population: [['af 1', 'al 1', 'af 1', 'af 1', 'af 1', 'no 1', 'af 1', 'no 1', 'no 1', 'rf 2'], ['af 1', 'no 1', 'af 1', 'af 1', 'af 1', 'af 1', 'af 1', 'no 1', 'rl 1', 'rf 2'], ['af 1', 'af 1', 'af 1', 'af 1', 'af 1', 'af 1', 'af 1', 'af 1', 'rl 1', 'rl 1'], ['af 1', 'no 1', 'af 1', 'af 1', 'af 1', 'no 1', 'af 1', 'no 1', 'no 1', 'rf 2'], ['af 1', 'al 1', 'af 1', 'af 1', 'af 1', 'af 1', 'af 1', 'af 1', 'no 1', 'rf 2'], ['af 1', 'al 1', 'af 1', 'af 1', 'af 1', 'af 1', 'af 1', 'af 1', 'rl 1', 'rl 1']] at generation 3
with fitnesses [0.6066666666666666, 0.6933333333333334, 0.6799999999999999, 0.7133333333333333, 0.7266666666666666, 0.7233333333333334]
Getting fitnesses for generation 4
Population: [['af 1', 'af 1', 'af 1', 'af 1', 'af 1', 'af 1', 'af 1', 'af 1', 'rl 1', 'rl 1'], ['af 1', 'al 1', 'af 1', 'af 1', 'af 1', 'af 1', 'af 1', 'af 1', 'no 1', 'rf 2'], ['af 1', 'af 1', 'af 1', 'af 1', 'af 1', 'no 1', 'af 1', 'af 1', 'no 1', 'rl 1'], ['af 1', 'af 1', 'af 1', 'af 1', 'af 1', 'af 1', 'af 1', 'af 1', 'no 1', 'rf 2'], ['af 1', 'al 1', 'af 1', 'af 1', 'af 1', 'no 1', 'af 1', 'no 1', 'no 1', 'rf 2'], ['af 1', 'al 1', 'af 1', 'af 1', 'af 1', 'af 1', 'af 1', 'af 1', 'no 1', 'rf 2']] at generation 4
with fitnesses [0.7566666666666667, 0.7166666666666666, 0.7266666666666667, 0.6900000000000001, 0.7466666666666666, 0.6900000000000001]
['af 1', 'al 1', 'af 1', 'af 1', 'af 1', 'no 1', 'af 1', 'no 1', 'no 1', 'rf 2'] => 0.756666666667
--------------------------------------------
TEST FIVE
Getting fitnesses for generation 0
Population: [['af 4', 'rl 3', 'af 1', 'rl 1', 'rl 5', 'no 3', 'rl 2', 'no 5', 'rl 4', 'af 4'], ['af 2', 'af 3', 'af 1', 'rf 1', 'rl 5', 'no 3', 'rl 5', 'af 5', 'rl 4', 'af 2'], ['af 5', 'al 1', 'af 1', 'rl 1', 'rl 3', 'af 2', 'af 4', 'no 5', 'rl 4', 'rl 1'], ['af 5', 'al 1', 'no 1', 'rl 3', 'rl 3', 'af 2', 'af 4', 'al 1', 'no 2', 'rl 1'], ['af 2', 'rl 3', 'rf 3', 'rf 1', 'rl 5', 'af 4', 'rl 2', 'af 5', 'rl 4', 'af 4'], ['af 4', 'al 1', 'no 1', 'rl 1', 'rl 3', 'af 2', 'af 4', 'no 5', 'no 2', 'rl 1']] at generation 0
with fitnesses [0.6333333333333333, 0.6944444444444445, 0.6759259259259259]
Getting fitnesses for generation 1
Population: [['af 4', 'al 1', 'no 1', 'rl 1', 'rl 3', 'af 2', 'af 4', 'no 5', 'no 2', 'rl 1'], ['af 4', 'al 1', 'no 1', 'rl 1', 'rl 3', 'af 2', 'af 4', 'no 5', 'no 2', 'rl 1'], ['af 5', 'al 1', 'no 1', 'rl 1', 'rl 3', 'af 2', 'af 4', 'no 5', 'no 2', 'rl 1'], ['af 2', 'al 1', 'no 1', 'rf 1', 'rl 3', 'af 2', 'af 4', 'al 1', 'rl 4', 'rl 1'], ['af 5', 'af 3', 'no 1', 'rl 3', 'rl 5', 'no 3', 'rl 5', 'af 5', 'rl 4', 'rl 1'], ['af 4', 'al 1', 'af 1', 'rl 1', 'rl 5', 'no 3', 'rl 5', 'no 5', 'no 2', 'af 2']] at generation 1
with fitnesses [0.6, 0.7083333333333333, 0.6416666666666667, 0.6481481481481481, 0.4444444444444445, 0.7092592592592593]
Getting fitnesses for generation 2
Population: [['af 2', 'al 1', 'af 1', 'rf 1', 'rl 5', 'no 3', 'rl 5', 'no 5', 'no 2', 'af 2'], ['af 5', 'al 1', 'no 1', 'rl 1', 'rl 3', 'af 2', 'af 4', 'no 5', 'rl 4', 'rl 1'], ['af 4', 'al 1', 'no 1', 'rl 1', 'rl 5', 'af 2', 'rl 5', 'no 5', 'no 2', 'rl 1'], ['af 5', 'al 1', 'no 1', 'rf 1', 'rl 3', 'af 2', 'af 4', 'al 1', 'no 2', 'rl 1'], ['af 2', 'al 1', 'no 1', 'rf 1', 'rl 3', 'af 2', 'af 4', 'al 1', 'rl 4', 'rl 1'], ['af 2', 'al 1', 'no 1', 'rf 1', 'rl 3', 'af 2', 'af 4', 'al 1', 'rl 4', 'rl 1']] at generation 2
with fitnesses [0.6037037037037037, 0.6, 0.6759259259259259, 0.7203703703703704, 0.6611111111111111, 0.6861111111111111]
Getting fitnesses for generation 3
Population: [['af 2', 'al 1', 'no 1', 'rf 1', 'rl 3', 'af 2', 'af 4', 'al 1', 'no 2', 'rl 1'], ['af 2', 'al 1', 'no 1', 'rf 1', 'rl 3', 'af 2', 'af 4', 'al 1', 'rl 4', 'rl 1'], ['af 4', 'al 1', 'no 1', 'rf 1', 'rl 3', 'af 2', 'rl 5', 'al 1', 'no 2', 'rl 1'], ['af 5', 'al 1', 'no 1', 'rl 1', 'rl 3', 'af 2', 'af 4', 'no 5', 'rl 4', 'rl 1'], ['af 4', 'al 1', 'no 1', 'rl 1', 'rl 5', 'af 2', 'rl 5', 'no 5', 'no 2', 'rl 1'], ['af 5', 'al 1', 'no 1', 'rl 1', 'rl 3', 'af 2', 'af 4', 'no 5', 'rl 4', 'rl 1']] at generation 3
with fitnesses [0.6111111111111112, 0.6777777777777777, 0.688888888888889, 0.6499999999999999, 0.6277777777777778, 0.6148148148148148]
Getting fitnesses for generation 4
Population: [['af 4', 'al 1', 'no 1', 'rl 1', 'rl 3', 'af 2', 'rl 5', 'no 5', 'rl 4', 'rl 1'], ['af 5', 'al 1', 'no 1', 'rl 1', 'rl 3', 'af 2', 'af 4', 'no 5', 'rl 4', 'rl 1'], ['af 4', 'al 1', 'no 1', 'rl 1', 'rl 5', 'af 2', 'af 4', 'no 5', 'rl 4', 'rl 1'], ['af 5', 'al 1', 'no 1', 'rl 1', 'rl 3', 'af 2', 'af 4', 'no 5', 'rl 4', 'rl 1'], ['af 5', 'al 1', 'no 1', 'rl 1', 'rl 3', 'af 2', 'af 4', 'no 5', 'rl 4', 'rl 1'], ['af 4', 'al 1', 'no 1', 'rl 1', 'rl 3', 'af 2', 'af 4', 'no 5', 'no 2', 'rl 1']] at generation 4
with fitnesses [0.6351851851851852, 0.6518518518518518, 0.6148148148148148, 0.6981481481481482, 0.662962962962963, 0.7314814814814814]
['af 5', 'al 1', 'no 1', 'rl 1', 'rl 3', 'af 2', 'af 4', 'no 5', 'rl 4', 'rl 1'] => 0.731481481481
--------------------------------------------
FINAL TEST (SIX)
Getting fitnesses for generation 0
Population: [['af 1', 'al 1', 'af 1', 'al 1', 'al 1', 'af 1', 'af 1', 'al 1', 'al 1', 'rl 1'], ['al 1', 'al 1', 'al 1', 'al 1', 'al 1', 'al 1', 'al 1', 'al 1', 'al 1', 'rf 2'], ['al 1', 'al 1', 'al 1', 'af 1', 'af 1', 'al 1', 'af 1', 'af 1', 'al 1', 'rl 1'], ['no 1', 'no 1', 'no 1', 'no 1', 'no 1', 'no 1', 'no 1', 'no 1', 'no 1', 'no 1'], ['no 1', 'no 1', 'al 1', 'al 1', 'no 1', 'no 1', 'no 1', 'no 1', 'al 1', 'no 1'], ['no 1', 'no 1', 'no 1', 'al 1', 'al 1', 'no 1', 'no 1', 'al 1', 'no 1', 'no 1']] at generation 0
with fitnesses [0.6533333333333334, 0.7583333333333334, 0.6499999999999999, 0.6291666666666667]
Getting fitnesses for generation 1
Population: [['al 1', 'al 1', 'af 1', 'al 1', 'al 1', 'af 1', 'al 1', 'al 1', 'al 1', 'rf 2'], ['al 1', 'al 1', 'al 1', 'af 1', 'af 1', 'al 1', 'af 1', 'af 1', 'al 1', 'rl 1'], ['af 1', 'al 1', 'af 1', 'al 1', 'al 1', 'af 1', 'af 1', 'al 1', 'al 1', 'rl 1'], ['no 1', 'al 1', 'no 1', 'al 1', 'al 1', 'no 1', 'no 1', 'al 1', 'no 1', 'no 1'], ['af 1', 'no 1', 'no 1', 'al 1', 'al 1', 'af 1', 'no 1', 'al 1', 'no 1', 'rl 1'], ['al 1', 'al 1', 'al 1', 'al 1', 'al 1', 'al 1', 'al 1', 'al 1', 'al 1', 'rf 2']] at generation 1
with fitnesses [0.6777777777777777, 0.6083333333333334, 0.6611111111111111, 0.5566666666666666, 0.6555555555555556, 0.724074074074074]
Getting fitnesses for generation 2
Population: [['al 1', 'al 1', 'al 1', 'al 1', 'al 1', 'al 1', 'al 1', 'al 1', 'al 1', 'rf 2'], ['al 1', 'al 1', 'al 1', 'al 1', 'al 1', 'al 1', 'al 1', 'al 1', 'al 1', 'rf 2'], ['al 1', 'al 1', 'al 1', 'al 1', 'al 1', 'al 1', 'al 1', 'al 1', 'al 1', 'rf 2'], ['no 1', 'al 1', 'no 1', 'al 1', 'al 1', 'al 1', 'al 1', 'al 1', 'no 1', 'rf 2'], ['no 1', 'al 1', 'no 1', 'al 1', 'al 1', 'no 1', 'no 1', 'al 1', 'no 1', 'no 1'], ['al 1', 'al 1', 'al 1', 'al 1', 'al 1', 'al 1', 'af 1', 'af 1', 'al 1', 'rf 2']] at generation 2
with fitnesses [0.6277777777777778, 0.7416666666666667, 0.5444444444444444, 0.6777777777777778, 0.6333333333333334, 0.6833333333333333]
Getting fitnesses for generation 3
Population: [['al 1', 'al 1', 'no 1', 'al 1', 'al 1', 'al 1', 'no 1', 'af 1', 'al 1', 'no 1'], ['al 1', 'al 1', 'al 1', 'al 1', 'al 1', 'al 1', 'al 1', 'af 1', 'al 1', 'rf 2'], ['no 1', 'al 1', 'no 1', 'al 1', 'al 1', 'al 1', 'al 1', 'al 1', 'no 1', 'rf 2'], ['no 1', 'al 1', 'no 1', 'al 1', 'al 1', 'al 1', 'no 1', 'al 1', 'no 1', 'no 1'], ['no 1', 'al 1', 'no 1', 'al 1', 'al 1', 'al 1', 'al 1', 'al 1', 'no 1', 'rf 2'], ['no 1', 'al 1', 'no 1', 'al 1', 'al 1', 'no 1', 'no 1', 'al 1', 'al 1', 'rf 2']] at generation 3
with fitnesses [0.6555555555555554, 0.6333333333333333, 0.6222222222222222, 0.6799999999999999, 0.7155555555555555, 0.7222222222222222]
Getting fitnesses for generation 4
Population: [['al 1', 'al 1', 'al 1', 'al 1', 'al 1', 'al 1', 'al 1', 'af 1', 'al 1', 'rf 2'], ['al 1', 'al 1', 'al 1', 'al 1', 'al 1', 'al 1', 'al 1', 'al 1', 'al 1', 'rf 2'], ['al 1', 'al 1', 'al 1', 'al 1', 'al 1', 'al 1', 'al 1', 'al 1', 'al 1', 'rf 2'], ['al 1', 'al 1', 'al 1', 'al 1', 'al 1', 'al 1', 'al 1', 'al 1', 'no 1', 'rf 2'], ['al 1', 'al 1', 'al 1', 'al 1', 'al 1', 'al 1', 'al 1', 'af 1', 'al 1', 'rf 2'], ['al 1', 'al 1', 'al 1', 'al 1', 'al 1', 'al 1', 'al 1', 'af 1', 'al 1', 'no 1']] at generation 4
with fitnesses [0.6833333333333333, 0.675, 0.6599999999999999, 0.6622222222222222, 0.6555555555555556, 0.6422222222222221]
['al 1', 'al 1', 'al 1', 'al 1', 'al 1', 'al 1', 'al 1', 'al 1', 'al 1', 'rf 2'] => 0.758333333333
